Using pre-set license
Built from '2022.3/staging' branch; Version is '2022.3.22f1 (887be4894c44) revision 8944612'; Using compiler version '192829333'; Build Type 'Release'
OS: 'Windows 11  (10.0.22631) 64bit Core' Language: 'en' Physical Memory: 16108 MB
BatchMode: 1, IsHumanControllingUs: 0, StartBugReporterOnCrash: 0, Is64bit: 1, IsPro: 1

COMMAND LINE ARGUMENTS:
C:\Program Files\Unity\Hub\Editor\2022.3.22f1\Editor\Unity.exe
-adb2
-batchMode
-noUpm
-name
AssetImportWorker3
-projectPath
C:/Users/david/Documents/Unity/tarea-terreno-clase-01/terreno-nido-dragones
-logFile
Logs/AssetImportWorker3.log
-srvPort
56998
Successfully changed project path to: C:/Users/david/Documents/Unity/tarea-terreno-clase-01/terreno-nido-dragones
C:/Users/david/Documents/Unity/tarea-terreno-clase-01/terreno-nido-dragones
[UnityMemory] Configuration Parameters - Can be set up in boot.config
    "memorysetup-bucket-allocator-granularity=16"
    "memorysetup-bucket-allocator-bucket-count=8"
    "memorysetup-bucket-allocator-block-size=33554432"
    "memorysetup-bucket-allocator-block-count=8"
    "memorysetup-main-allocator-block-size=16777216"
    "memorysetup-thread-allocator-block-size=16777216"
    "memorysetup-gfx-main-allocator-block-size=16777216"
    "memorysetup-gfx-thread-allocator-block-size=16777216"
    "memorysetup-cache-allocator-block-size=4194304"
    "memorysetup-typetree-allocator-block-size=2097152"
    "memorysetup-profiler-bucket-allocator-granularity=16"
    "memorysetup-profiler-bucket-allocator-bucket-count=8"
    "memorysetup-profiler-bucket-allocator-block-size=33554432"
    "memorysetup-profiler-bucket-allocator-block-count=8"
    "memorysetup-profiler-allocator-block-size=16777216"
    "memorysetup-profiler-editor-allocator-block-size=1048576"
    "memorysetup-temp-allocator-size-main=16777216"
    "memorysetup-job-temp-allocator-block-size=2097152"
    "memorysetup-job-temp-allocator-block-size-background=1048576"
    "memorysetup-job-temp-allocator-reduction-small-platforms=262144"
    "memorysetup-allocator-temp-initial-block-size-main=262144"
    "memorysetup-allocator-temp-initial-block-size-worker=262144"
    "memorysetup-temp-allocator-size-background-worker=32768"
    "memorysetup-temp-allocator-size-job-worker=262144"
    "memorysetup-temp-allocator-size-preload-manager=33554432"
    "memorysetup-temp-allocator-size-nav-mesh-worker=65536"
    "memorysetup-temp-allocator-size-audio-worker=65536"
    "memorysetup-temp-allocator-size-cloud-worker=32768"
    "memorysetup-temp-allocator-size-gi-baking-worker=262144"
    "memorysetup-temp-allocator-size-gfx=262144"
Player connection [36188] Host "[IP] 192.168.100.86 [Port] 0 [Flags] 2 [Guid] 3468753714 [EditorId] 3468753714 [Version] 1048832 [Id] WindowsEditor(7,CH_ris3002) [Debug] 1 [PackageName] WindowsEditor [ProjectName] Editor" joined multi-casting on [225.0.0.222:54997]...

Player connection [36188] Host "[IP] 192.168.100.86 [Port] 0 [Flags] 2 [Guid] 3468753714 [EditorId] 3468753714 [Version] 1048832 [Id] WindowsEditor(7,CH_ris3002) [Debug] 1 [PackageName] WindowsEditor [ProjectName] Editor" joined alternative multi-casting on [225.0.0.222:34997]...

[Physics::Module] Initialized MultithreadedJobDispatcher with 15 workers.
Refreshing native plugins compatible for Editor in 28.44 ms, found 3 plugins.
Preloading 0 native plugins for Editor in 0.00 ms.
Initialize engine version: 2022.3.22f1 (887be4894c44)
[Subsystems] Discovering subsystems at path C:/Program Files/Unity/Hub/Editor/2022.3.22f1/Editor/Data/Resources/UnitySubsystems
[Subsystems] Discovering subsystems at path C:/Users/david/Documents/Unity/tarea-terreno-clase-01/terreno-nido-dragones/Assets
GfxDevice: creating device client; threaded=0; jobified=0
Direct3D:
    Version:  Direct3D 11.0 [level 11.1]
    Renderer: Intel(R) Iris(R) Xe Graphics (ID=0x46a6)
    Vendor:   Intel
    VRAM:     8054 MB
    Driver:   31.0.101.1999
Initialize mono
Mono path[0] = 'C:/Program Files/Unity/Hub/Editor/2022.3.22f1/Editor/Data/Managed'
Mono path[1] = 'C:/Program Files/Unity/Hub/Editor/2022.3.22f1/Editor/Data/MonoBleedingEdge/lib/mono/unityjit-win32'
Mono config path = 'C:/Program Files/Unity/Hub/Editor/2022.3.22f1/Editor/Data/MonoBleedingEdge/etc'
Using monoOptions --debugger-agent=transport=dt_socket,embedding=1,server=y,suspend=n,address=127.0.0.1:56648
Begin MonoManager ReloadAssembly
Registering precompiled unity dll's ...
Register platform support module: C:/Program Files/Unity/Hub/Editor/2022.3.22f1/Editor/Data/PlaybackEngines/WebGLSupport/UnityEditor.WebGL.Extensions.dll
Register platform support module: C:/Program Files/Unity/Hub/Editor/2022.3.22f1/Editor/Data/PlaybackEngines/WindowsStandaloneSupport/UnityEditor.WindowsStandalone.Extensions.dll
Registered in 0.010767 seconds.
- Loaded All Assemblies, in  0.291 seconds
Native extension for WindowsStandalone target not found
Native extension for WebGL target not found
Mono: successfully reloaded assembly
- Finished resetting the current domain, in  0.197 seconds
Domain Reload Profiling: 487ms
	BeginReloadAssembly (112ms)
		ExecutionOrderSort (0ms)
		DisableScriptedObjects (0ms)
		BackupInstance (0ms)
		ReleaseScriptingObjects (0ms)
		CreateAndSetChildDomain (1ms)
	RebuildCommonClasses (23ms)
	RebuildNativeTypeToScriptingClass (7ms)
	initialDomainReloadingComplete (50ms)
	LoadAllAssembliesAndSetupDomain (98ms)
		LoadAssemblies (110ms)
		RebuildTransferFunctionScriptingTraits (0ms)
		AnalyzeDomain (96ms)
			TypeCache.Refresh (95ms)
				TypeCache.ScanAssembly (85ms)
			ScanForSourceGeneratedMonoScriptInfo (0ms)
			ResolveRequiredComponents (0ms)
	FinalizeReload (198ms)
		ReleaseScriptCaches (0ms)
		RebuildScriptCaches (0ms)
		SetupLoadedEditorAssemblies (155ms)
			LogAssemblyErrors (0ms)
			InitializePlatformSupportModulesInManaged (8ms)
			SetLoadedEditorAssemblies (5ms)
			RefreshPlugins (0ms)
			BeforeProcessingInitializeOnLoad (2ms)
			ProcessInitializeOnLoadAttributes (109ms)
			ProcessInitializeOnLoadMethodAttributes (32ms)
			AfterProcessingInitializeOnLoad (0ms)
			EditorAssembliesLoaded (0ms)
		ExecutionOrderSort2 (0ms)
		AwakeInstancesAfterBackupRestoration (0ms)
========================================================================
Worker process is ready to serve import requests
Begin MonoManager ReloadAssembly
- Loaded All Assemblies, in  0.589 seconds
Refreshing native plugins compatible for Editor in 3.76 ms, found 3 plugins.
Native extension for WindowsStandalone target not found
Native extension for WebGL target not found
Package Manager log level set to [2]
[Package Manager] Server::EnsureServerProcessIsRunning -- launch failed, reason: Unity was launched with the -noUpm command-line argument
[Package Manager] UpmClient::Send -- Unable to send message (not connected to UPM process).
[Package Manager] Cannot connect to Unity Package Manager local server
Mono: successfully reloaded assembly
- Finished resetting the current domain, in  0.412 seconds
Domain Reload Profiling: 983ms
	BeginReloadAssembly (118ms)
		ExecutionOrderSort (0ms)
		DisableScriptedObjects (5ms)
		BackupInstance (0ms)
		ReleaseScriptingObjects (0ms)
		CreateAndSetChildDomain (16ms)
	RebuildCommonClasses (26ms)
	RebuildNativeTypeToScriptingClass (8ms)
	initialDomainReloadingComplete (33ms)
	LoadAllAssembliesAndSetupDomain (386ms)
		LoadAssemblies (332ms)
		RebuildTransferFunctionScriptingTraits (0ms)
		AnalyzeDomain (122ms)
			TypeCache.Refresh (108ms)
				TypeCache.ScanAssembly (97ms)
			ScanForSourceGeneratedMonoScriptInfo (9ms)
			ResolveRequiredComponents (3ms)
	FinalizeReload (412ms)
		ReleaseScriptCaches (0ms)
		RebuildScriptCaches (0ms)
		SetupLoadedEditorAssemblies (306ms)
			LogAssemblyErrors (0ms)
			InitializePlatformSupportModulesInManaged (5ms)
			SetLoadedEditorAssemblies (4ms)
			RefreshPlugins (0ms)
			BeforeProcessingInitializeOnLoad (47ms)
			ProcessInitializeOnLoadAttributes (229ms)
			ProcessInitializeOnLoadMethodAttributes (15ms)
			AfterProcessingInitializeOnLoad (6ms)
			EditorAssembliesLoaded (0ms)
		ExecutionOrderSort2 (0ms)
		AwakeInstancesAfterBackupRestoration (6ms)
Launched and connected shader compiler UnityShaderCompiler.exe after 0.06 seconds
Refreshing native plugins compatible for Editor in 2.37 ms, found 3 plugins.
Preloading 0 native plugins for Editor in 0.00 ms.
Unloading 3093 Unused Serialized files (Serialized files now loaded: 0)
Unloading 32 unused Assets / (57.0 KB). Loaded Objects now: 3554.
Memory consumption went from 121.4 MB to 121.4 MB.
Total: 2.837000 ms (FindLiveObjects: 0.171600 ms CreateObjectMapping: 0.080900 ms MarkObjects: 2.491100 ms  DeleteObjects: 0.092500 ms)

AssetImportParameters requested are different than current active one (requested -> active):
  custom:container-demuxer-ogg: 62fdf1f143b41e24485cea50d1cbac27 -> 
  custom:video-codec-MediaFoundation-h265: 746d11721c4dcdbdad8f713fa42b33f4 -> 
  custom:video-decoder-ogg-theora: a1e56fd34408186e4bbccfd4996cb3dc -> 
  custom:framework-win-MediaFoundation: 216162199b28c13a410421893ffa2e32 -> 
  custom:CustomObjectIndexerAttribute: 9a22284fe3817be447336de3de66b15e -> 
  custom:container-demuxer-webm: 4f35f7cbe854078d1ac9338744f61a02 -> 
  custom:container-muxer-webm: aa71ff27fc2769a1b78a27578f13a17b -> 
  custom:video-decoder-webm-vp8: 9c59270c3fd7afecdb556c50c9e8de78 -> 
  custom:SearchIndexIgnoredProperties: e643bd26f0fe6173181afceb89e7c659 -> 
  custom:AudioImporter_EditorPlatform: d09bf68614088b80899f8185d706f6e7 -> 
  custom:video-encoder-webm-vp8: eb34c28f22e8b96e1ab97ce403110664 -> 
  custom:audio-decoder-ogg-vorbis: bf7c407c2cedff20999df2af8eb42d56 -> 
  custom:audio-encoder-webm-vorbis: bf7c407c2cedff20999df2af8eb42d56 -> 
========================================================================
Received Import Request.
  Time since last request: 116059.123352 seconds.
  path: Assets/Textures/Stylized - Nature/Materials/Texture_8_Diffuse.mat
  artifactKey: Guid(e6e3d820c977e254298d67850d210df0) Importer(2089858483,0ecaa5967403d082aa24f35e1b516d23)
Start importing Assets/Textures/Stylized - Nature/Materials/Texture_8_Diffuse.mat using Guid(e6e3d820c977e254298d67850d210df0) Importer(2089858483,0ecaa5967403d082aa24f35e1b516d23)  -> (artifact id: 'c3cdea2510ae627847abb77b466be67f') in 0.114115 seconds
Number of updated asset objects reloaded before import = 0
Number of asset objects unloaded after import = 1
========================================================================
Received Import Request.
  Time since last request: 0.000030 seconds.
  path: Assets/Textures/Stylized - Nature/Materials/Texture_5_Diffuse2.mat
  artifactKey: Guid(004ced43bfdeefe419586a6e8fedd249) Importer(2089858483,0ecaa5967403d082aa24f35e1b516d23)
Start importing Assets/Textures/Stylized - Nature/Materials/Texture_5_Diffuse2.mat using Guid(004ced43bfdeefe419586a6e8fedd249) Importer(2089858483,0ecaa5967403d082aa24f35e1b516d23)  -> (artifact id: '482fd4feccbc4df5a8865718dea6bdad') in 0.022381 seconds
Number of updated asset objects reloaded before import = 0
Number of asset objects unloaded after import = 1
========================================================================
Received Import Request.
  Time since last request: 0.000340 seconds.
  path: Assets/Textures/Stylized - Nature/Materials/Texture_3_Diffuse3.mat
  artifactKey: Guid(ec4cc78bb10988c4a936e1ab7c494927) Importer(2089858483,0ecaa5967403d082aa24f35e1b516d23)
Start importing Assets/Textures/Stylized - Nature/Materials/Texture_3_Diffuse3.mat using Guid(ec4cc78bb10988c4a936e1ab7c494927) Importer(2089858483,0ecaa5967403d082aa24f35e1b516d23)  -> (artifact id: '39488069fed04d7680c23a01cbbd1f60') in 0.021057 seconds
Number of updated asset objects reloaded before import = 0
Number of asset objects unloaded after import = 1
========================================================================
Received Import Request.
  Time since last request: 0.000230 seconds.
  path: Assets/Textures/Stylized - Nature/Materials/Texture_15_Diffuse2.mat
  artifactKey: Guid(e97dcf9d46ee43749a84d3d830ed0ccf) Importer(2089858483,0ecaa5967403d082aa24f35e1b516d23)
Start importing Assets/Textures/Stylized - Nature/Materials/Texture_15_Diffuse2.mat using Guid(e97dcf9d46ee43749a84d3d830ed0ccf) Importer(2089858483,0ecaa5967403d082aa24f35e1b516d23)  -> (artifact id: '4710919b5689171363827965b917dacf') in 0.023302 seconds
Number of updated asset objects reloaded before import = 0
Number of asset objects unloaded after import = 1
========================================================================
Received Import Request.
  Time since last request: 0.000021 seconds.
  path: Assets/Textures/Stylized - Nature/Materials/Texture_10_Diffuse.mat
  artifactKey: Guid(af3495f948dc9a34488ae4ef2560b899) Importer(2089858483,0ecaa5967403d082aa24f35e1b516d23)
Start importing Assets/Textures/Stylized - Nature/Materials/Texture_10_Diffuse.mat using Guid(af3495f948dc9a34488ae4ef2560b899) Importer(2089858483,0ecaa5967403d082aa24f35e1b516d23)  -> (artifact id: '133b80798d676171f9d5e638525be855') in 0.021421 seconds
Number of updated asset objects reloaded before import = 0
Number of asset objects unloaded after import = 1
========================================================================
Received Import Request.
  Time since last request: 0.000029 seconds.
  path: Assets/Textures/Stylized - Nature/Materials/Texture_10_Diffuse3.mat
  artifactKey: Guid(34ae4aa336734564e8f1810dc6d63366) Importer(2089858483,0ecaa5967403d082aa24f35e1b516d23)
Start importing Assets/Textures/Stylized - Nature/Materials/Texture_10_Diffuse3.mat using Guid(34ae4aa336734564e8f1810dc6d63366) Importer(2089858483,0ecaa5967403d082aa24f35e1b516d23)  -> (artifact id: '33fc42c70f39e4ff5630ec592b09b1ef') in 0.019261 seconds
Number of updated asset objects reloaded before import = 0
Number of asset objects unloaded after import = 1
========================================================================
Received Import Request.
  Time since last request: 30.410271 seconds.
  path: Assets/Textures/Stylized - Nature/Materials/Texture_4_Diffuse.mat
  artifactKey: Guid(2867f0aa5cc870e4e8007d02ca86ee1c) Importer(815301076,1909f56bfc062723c751e8b465ee728b)
Start importing Assets/Textures/Stylized - Nature/Materials/Texture_4_Diffuse.mat using Guid(2867f0aa5cc870e4e8007d02ca86ee1c) Importer(815301076,1909f56bfc062723c751e8b465ee728b)  -> (artifact id: 'dfda73eda71efd0121b79813fba5be2c') in 0.277065 seconds
Number of updated asset objects reloaded before import = 0
Number of asset objects unloaded after import = 1
========================================================================
Received Import Request.
  Time since last request: 0.000028 seconds.
  path: Assets/Textures/Stylized - Nature/Materials/Texture_5_Diffuse2.mat
  artifactKey: Guid(004ced43bfdeefe419586a6e8fedd249) Importer(815301076,1909f56bfc062723c751e8b465ee728b)
Start importing Assets/Textures/Stylized - Nature/Materials/Texture_5_Diffuse2.mat using Guid(004ced43bfdeefe419586a6e8fedd249) Importer(815301076,1909f56bfc062723c751e8b465ee728b)  -> (artifact id: '7174e8007098793465467f3229563b30') in 0.028772 seconds
Number of updated asset objects reloaded before import = 0
Number of asset objects unloaded after import = 1
========================================================================
Received Import Request.
  Time since last request: 0.000033 seconds.
  path: Assets/Textures/Stylized - Nature/Materials/Texture_9_Diffuse.mat
  artifactKey: Guid(b12a82ca26769fb4b972e6cb3baf7a2e) Importer(815301076,1909f56bfc062723c751e8b465ee728b)
Start importing Assets/Textures/Stylized - Nature/Materials/Texture_9_Diffuse.mat using Guid(b12a82ca26769fb4b972e6cb3baf7a2e) Importer(815301076,1909f56bfc062723c751e8b465ee728b)  -> (artifact id: '21a88682141c744037f5d3085ce18e36') in 0.019878 seconds
Number of updated asset objects reloaded before import = 0
Number of asset objects unloaded after import = 1
========================================================================
Received Import Request.
  Time since last request: 0.000044 seconds.
  path: Assets/Textures/Stylized - Nature/Materials/Texture_4_Diffuse2.mat
  artifactKey: Guid(68ad6b9d3a9276e449c29da4106ae69a) Importer(815301076,1909f56bfc062723c751e8b465ee728b)
Start importing Assets/Textures/Stylized - Nature/Materials/Texture_4_Diffuse2.mat using Guid(68ad6b9d3a9276e449c29da4106ae69a) Importer(815301076,1909f56bfc062723c751e8b465ee728b)  -> (artifact id: '500a59cc5d6550f6d890ebe5eca2b529') in 0.019641 seconds
Number of updated asset objects reloaded before import = 0
Number of asset objects unloaded after import = 1
========================================================================
Received Import Request.
  Time since last request: 0.000022 seconds.
  path: Assets/Textures/Stylized - Nature/Materials/Texture_10_Diffuse3.mat
  artifactKey: Guid(34ae4aa336734564e8f1810dc6d63366) Importer(815301076,1909f56bfc062723c751e8b465ee728b)
Start importing Assets/Textures/Stylized - Nature/Materials/Texture_10_Diffuse3.mat using Guid(34ae4aa336734564e8f1810dc6d63366) Importer(815301076,1909f56bfc062723c751e8b465ee728b)  -> (artifact id: 'd8431282279d657c11bde7f965ba3c65') in 0.023271 seconds
Number of updated asset objects reloaded before import = 0
Number of asset objects unloaded after import = 1
Editor requested this worker to shutdown with reason: Scaling down because of idle timeout
TcpMessagingSession - receive error: operation aborted. errorcode: 995, details: The I/O operation has been aborted because of either a thread exit or an application request.
AssetImportWorker is now disconnected from the server
Process exiting
Exiting without the bug reporter. Application will terminate with return code 0